0 info it worked if it ends with ok
1 verbose cli [ 'node',
1 verbose cli   '/usr/local/bin/npm',
1 verbose cli   'install',
1 verbose cli   '-g',
1 verbose cli   'mocha',
1 verbose cli   'grunt',
1 verbose cli   'grunt-init',
1 verbose cli   'grunt-cli' ]
2 info using npm@2.11.3
3 info using node@v0.12.7
4 verbose install initial load of /usr/local/lib/package.json
5 verbose readDependencies loading dependencies from /usr/local/lib/package.json
6 silly cache add args [ 'mocha', null ]
7 verbose cache add spec mocha
8 silly cache add args [ 'grunt', null ]
9 verbose cache add spec grunt
10 silly cache add args [ 'grunt-init', null ]
11 verbose cache add spec grunt-init
12 silly cache add args [ 'grunt-cli', null ]
13 verbose cache add spec grunt-cli
14 silly cache add parsed spec { raw: 'mocha',
14 silly cache add   scope: null,
14 silly cache add   name: 'mocha',
14 silly cache add   rawSpec: '',
14 silly cache add   spec: '*',
14 silly cache add   type: 'range' }
15 silly addNamed mocha@*
16 verbose addNamed "*" is a valid semver range for mocha
17 silly addNameRange { name: 'mocha', range: '*', hasData: false }
18 silly mapToRegistry name mocha
19 silly mapToRegistry using default registry
20 silly mapToRegistry registry https://registry.npmjs.org/
21 silly mapToRegistry uri https://registry.npmjs.org/mocha
22 verbose addNameRange registry:https://registry.npmjs.org/mocha not in flight; fetching
23 silly cache add parsed spec { raw: 'grunt',
23 silly cache add   scope: null,
23 silly cache add   name: 'grunt',
23 silly cache add   rawSpec: '',
23 silly cache add   spec: '*',
23 silly cache add   type: 'range' }
24 silly addNamed grunt@*
25 verbose addNamed "*" is a valid semver range for grunt
26 silly addNameRange { name: 'grunt', range: '*', hasData: false }
27 silly mapToRegistry name grunt
28 silly mapToRegistry using default registry
29 silly mapToRegistry registry https://registry.npmjs.org/
30 silly mapToRegistry uri https://registry.npmjs.org/grunt
31 verbose addNameRange registry:https://registry.npmjs.org/grunt not in flight; fetching
32 silly cache add parsed spec { raw: 'grunt-init',
32 silly cache add   scope: null,
32 silly cache add   name: 'grunt-init',
32 silly cache add   rawSpec: '',
32 silly cache add   spec: '*',
32 silly cache add   type: 'range' }
33 silly addNamed grunt-init@*
34 verbose addNamed "*" is a valid semver range for grunt-init
35 silly addNameRange { name: 'grunt-init', range: '*', hasData: false }
36 silly mapToRegistry name grunt-init
37 silly mapToRegistry using default registry
38 silly mapToRegistry registry https://registry.npmjs.org/
39 silly mapToRegistry uri https://registry.npmjs.org/grunt-init
40 verbose addNameRange registry:https://registry.npmjs.org/grunt-init not in flight; fetching
41 silly cache add parsed spec { raw: 'grunt-cli',
41 silly cache add   scope: null,
41 silly cache add   name: 'grunt-cli',
41 silly cache add   rawSpec: '',
41 silly cache add   spec: '*',
41 silly cache add   type: 'range' }
42 silly addNamed grunt-cli@*
43 verbose addNamed "*" is a valid semver range for grunt-cli
44 silly addNameRange { name: 'grunt-cli', range: '*', hasData: false }
45 silly mapToRegistry name grunt-cli
46 silly mapToRegistry using default registry
47 silly mapToRegistry registry https://registry.npmjs.org/
48 silly mapToRegistry uri https://registry.npmjs.org/grunt-cli
49 verbose addNameRange registry:https://registry.npmjs.org/grunt-cli not in flight; fetching
50 verbose request uri https://registry.npmjs.org/mocha
51 verbose request no auth needed
52 info attempt registry request try #1 at 3:58:12 PM
53 verbose request id 99ea74524d01f9f8
54 http request GET https://registry.npmjs.org/mocha
55 verbose request uri https://registry.npmjs.org/grunt
56 verbose request no auth needed
57 info attempt registry request try #1 at 3:58:12 PM
58 http request GET https://registry.npmjs.org/grunt
59 verbose request uri https://registry.npmjs.org/grunt-init
60 verbose request no auth needed
61 info attempt registry request try #1 at 3:58:12 PM
62 http request GET https://registry.npmjs.org/grunt-init
63 verbose request uri https://registry.npmjs.org/grunt-cli
64 verbose request no auth needed
65 info attempt registry request try #1 at 3:58:12 PM
66 http request GET https://registry.npmjs.org/grunt-cli
67 http 200 https://registry.npmjs.org/grunt-cli
68 silly get cb [ 200,
68 silly get   { server: 'CouchDB/1.5.0 (Erlang OTP/R16B03)',
68 silly get     etag: '"DKT3NR2V9QP5YZY8OELK2A6K1"',
68 silly get     'content-type': 'application/json',
68 silly get     'cache-control': 'max-age=60',
68 silly get     'content-length': '21378',
68 silly get     'accept-ranges': 'bytes',
68 silly get     date: 'Fri, 14 Aug 2015 13:54:08 GMT',
68 silly get     via: '1.1 varnish',
68 silly get     age: '20',
68 silly get     connection: 'keep-alive',
68 silly get     'x-served-by': 'cache-fra1241-FRA',
68 silly get     'x-cache': 'HIT',
68 silly get     'x-cache-hits': '2',
68 silly get     'x-timer': 'S1439560448.436734,VS0,VE0',
68 silly get     vary: 'Accept' } ]
69 verbose get saving grunt-cli to /Users/Pilar/.npm/registry.npmjs.org/grunt-cli/.cache.json
70 silly addNameRange number 2 { name: 'grunt-cli', range: '*', hasData: true }
71 silly addNameRange versions [ 'grunt-cli',
71 silly addNameRange   [ '0.1.0',
71 silly addNameRange     '0.1.1',
71 silly addNameRange     '0.1.2',
71 silly addNameRange     '0.1.3',
71 silly addNameRange     '0.1.4',
71 silly addNameRange     '0.1.5',
71 silly addNameRange     '0.1.6',
71 silly addNameRange     '0.1.7',
71 silly addNameRange     '0.1.8',
71 silly addNameRange     '0.1.9',
71 silly addNameRange     '0.1.10',
71 silly addNameRange     '0.1.11',
71 silly addNameRange     '0.1.12',
71 silly addNameRange     '0.1.13' ] ]
72 silly addNamed grunt-cli@0.1.13
73 verbose addNamed "0.1.13" is a plain semver version for grunt-cli
74 silly mapToRegistry name grunt-cli
75 silly mapToRegistry using default registry
76 silly mapToRegistry registry https://registry.npmjs.org/
77 silly mapToRegistry uri https://registry.npmjs.org/grunt-cli
78 verbose addRemoteTarball https://registry.npmjs.org/grunt-cli/-/grunt-cli-0.1.13.tgz not in flight; adding
79 verbose addRemoteTarball [ 'https://registry.npmjs.org/grunt-cli/-/grunt-cli-0.1.13.tgz',
79 verbose addRemoteTarball   'e9ebc4047631f5012d922770c39378133cad10f4' ]
80 info retry fetch attempt 1 at 3:58:13 PM
81 info attempt registry request try #1 at 3:58:13 PM
82 http fetch GET https://registry.npmjs.org/grunt-cli/-/grunt-cli-0.1.13.tgz
83 http 200 https://registry.npmjs.org/grunt
84 silly get cb [ 200,
84 silly get   { server: 'CouchDB/1.5.0 (Erlang OTP/R16B03)',
84 silly get     etag: '"EE283646WCDBKNBUHEIWD5QGA"',
84 silly get     'content-type': 'application/json',
84 silly get     'cache-control': 'max-age=60',
84 silly get     'content-length': '89895',
84 silly get     'accept-ranges': 'bytes',
84 silly get     date: 'Fri, 14 Aug 2015 13:54:08 GMT',
84 silly get     via: '1.1 varnish',
84 silly get     age: '1',
84 silly get     connection: 'keep-alive',
84 silly get     'x-served-by': 'cache-fra1224-FRA',
84 silly get     'x-cache': 'HIT',
84 silly get     'x-cache-hits': '1',
84 silly get     'x-timer': 'S1439560448.446554,VS0,VE1',
84 silly get     vary: 'Accept' } ]
85 verbose get saving grunt to /Users/Pilar/.npm/registry.npmjs.org/grunt/.cache.json
86 silly addNameRange number 2 { name: 'grunt', range: '*', hasData: true }
87 silly addNameRange versions [ 'grunt',
87 silly addNameRange   [ '0.1.0',
87 silly addNameRange     '0.1.1',
87 silly addNameRange     '0.1.2',
87 silly addNameRange     '0.2.0',
87 silly addNameRange     '0.2.1',
87 silly addNameRange     '0.2.2',
87 silly addNameRange     '0.2.3',
87 silly addNameRange     '0.2.4',
87 silly addNameRange     '0.2.5',
87 silly addNameRange     '0.2.6',
87 silly addNameRange     '0.2.7',
87 silly addNameRange     '0.2.8',
87 silly addNameRange     '0.2.9',
87 silly addNameRange     '0.2.10',
87 silly addNameRange     '0.2.11',
87 silly addNameRange     '0.2.12',
87 silly addNameRange     '0.2.13',
87 silly addNameRange     '0.2.14',
87 silly addNameRange     '0.2.15',
87 silly addNameRange     '0.3.0',
87 silly addNameRange     '0.3.1',
87 silly addNameRange     '0.3.2',
87 silly addNameRange     '0.3.3',
87 silly addNameRange     '0.3.4',
87 silly addNameRange     '0.3.5',
87 silly addNameRange     '0.3.6',
87 silly addNameRange     '0.3.7',
87 silly addNameRange     '0.3.8',
87 silly addNameRange     '0.3.9',
87 silly addNameRange     '0.3.10',
87 silly addNameRange     '0.3.11',
87 silly addNameRange     '0.3.12',
87 silly addNameRange     '0.3.13',
87 silly addNameRange     '0.3.14',
87 silly addNameRange     '0.3.15',
87 silly addNameRange     '0.3.16',
87 silly addNameRange     '0.3.17',
87 silly addNameRange     '0.4.0',
87 silly addNameRange     '0.4.1',
87 silly addNameRange     '0.4.2',
87 silly addNameRange     '0.4.3',
87 silly addNameRange     '0.4.4',
87 silly addNameRange     '0.4.5',
87 silly addNameRange     '0.3.13-a',
87 silly addNameRange     '0.4.0-a',
87 silly addNameRange     '0.4.0-rc1',
87 silly addNameRange     '0.4.0-rc2',
87 silly addNameRange     '0.4.0-rc3',
87 silly addNameRange     '0.4.0-rc4',
87 silly addNameRange     '0.4.0-rc5',
87 silly addNameRange     '0.4.0-rc6',
87 silly addNameRange     '0.4.0-rc7',
87 silly addNameRange     '0.4.0-rc8' ] ]
88 silly addNamed grunt@0.4.5
89 verbose addNamed "0.4.5" is a plain semver version for grunt
90 silly mapToRegistry name grunt
91 silly mapToRegistry using default registry
92 silly mapToRegistry registry https://registry.npmjs.org/
93 silly mapToRegistry uri https://registry.npmjs.org/grunt
94 verbose addRemoteTarball https://registry.npmjs.org/grunt/-/grunt-0.4.5.tgz not in flight; adding
95 verbose addRemoteTarball [ 'https://registry.npmjs.org/grunt/-/grunt-0.4.5.tgz',
95 verbose addRemoteTarball   '56937cd5194324adff6d207631832a9d6ba4e7f0' ]
96 info retry fetch attempt 1 at 3:58:13 PM
97 info attempt registry request try #1 at 3:58:13 PM
98 http fetch GET https://registry.npmjs.org/grunt/-/grunt-0.4.5.tgz
99 http 200 https://registry.npmjs.org/mocha
100 silly get cb [ 200,
100 silly get   { server: 'CouchDB/1.5.0 (Erlang OTP/R16B03)',
100 silly get     etag: '"2XAJ9URD92VMFT0ZVM7MMKZ30"',
100 silly get     'content-type': 'application/json',
100 silly get     'cache-control': 'max-age=60',
100 silly get     'content-length': '113200',
100 silly get     'accept-ranges': 'bytes',
100 silly get     date: 'Fri, 14 Aug 2015 13:54:08 GMT',
100 silly get     via: '1.1 varnish',
100 silly get     age: '15',
100 silly get     connection: 'keep-alive',
100 silly get     'x-served-by': 'cache-fra1236-FRA',
100 silly get     'x-cache': 'HIT',
100 silly get     'x-cache-hits': '1',
100 silly get     'x-timer': 'S1439560448.461168,VS0,VE1',
100 silly get     vary: 'Accept' } ]
101 verbose get saving mocha to /Users/Pilar/.npm/registry.npmjs.org/mocha/.cache.json
102 silly addNameRange number 2 { name: 'mocha', range: '*', hasData: true }
103 silly addNameRange versions [ 'mocha',
103 silly addNameRange   [ '0.0.1-alpha1',
103 silly addNameRange     '0.0.1-alpha2',
103 silly addNameRange     '0.0.1-alpha3',
103 silly addNameRange     '0.0.1-alpha4',
103 silly addNameRange     '0.0.1-alpha5',
103 silly addNameRange     '0.0.1-alpha6',
103 silly addNameRange     '0.0.1',
103 silly addNameRange     '0.0.2',
103 silly addNameRange     '0.0.3',
103 silly addNameRange     '0.0.4',
103 silly addNameRange     '0.0.5',
103 silly addNameRange     '0.0.6',
103 silly addNameRange     '0.0.7',
103 silly addNameRange     '0.0.8',
103 silly addNameRange     '0.1.0',
103 silly addNameRange     '0.2.0',
103 silly addNameRange     '0.3.0',
103 silly addNameRange     '0.3.1',
103 silly addNameRange     '0.3.2',
103 silly addNameRange     '0.3.3',
103 silly addNameRange     '0.3.4',
103 silly addNameRange     '0.3.6',
103 silly addNameRange     '0.4.0',
103 silly addNameRange     '0.5.0',
103 silly addNameRange     '0.6.0',
103 silly addNameRange     '0.7.0',
103 silly addNameRange     '0.7.1',
103 silly addNameRange     '0.8.0',
103 silly addNameRange     '0.8.1',
103 silly addNameRange     '0.9.0',
103 silly addNameRange     '0.10.0',
103 silly addNameRange     '0.10.1',
103 silly addNameRange     '0.10.2',
103 silly addNameRange     '0.11.0',
103 silly addNameRange     '0.12.0',
103 silly addNameRange     '0.12.1',
103 silly addNameRange     '0.13.0',
103 silly addNameRange     '0.14.0',
103 silly addNameRange     '0.14.1',
103 silly addNameRange     '1.0.0',
103 silly addNameRange     '1.0.1',
103 silly addNameRange     '1.0.2',
103 silly addNameRange     '1.0.3',
103 silly addNameRange     '1.1.0',
103 silly addNameRange     '1.2.0',
103 silly addNameRange     '1.2.1',
103 silly addNameRange     '1.2.2',
103 silly addNameRange     '1.3.0',
103 silly addNameRange     '1.3.1',
103 silly addNameRange     '1.3.2',
103 silly addNameRange     '1.4.0',
103 silly addNameRange     '1.4.1',
103 silly addNameRange     '1.4.2',
103 silly addNameRange     '1.4.3',
103 silly addNameRange     '1.5.0',
103 silly addNameRange     '1.6.0',
103 silly addNameRange     '1.7.0',
103 silly addNameRange     '1.7.1',
103 silly addNameRange     '1.7.2',
103 silly addNameRange     '1.7.3',
103 silly addNameRange     '1.7.4',
103 silly addNameRange     '1.8.0',
103 silly addNameRange     '1.8.1',
103 silly addNameRange     '1.8.2',
103 silly addNameRange     '1.9.0',
103 silly addNameRange     '1.10.0',
103 silly addNameRange     '1.11.0',
103 silly addNameRange     '1.12.0',
103 silly addNameRange     '1.12.1',
103 silly addNameRange     '1.13.0',
103 silly addNameRange     '1.14.0',
103 silly addNameRange     '1.15.0',
103 silly addNameRange     '1.15.1',
103 silly addNameRange     '1.16.0',
103 silly addNameRange     '1.16.1',
103 silly addNameRange     '1.16.2',
103 silly addNameRange     '1.17.0',
103 silly addNameRange     '1.17.1',
103 silly addNameRange     '1.18.0',
103 silly addNameRange     '1.18.1',
103 silly addNameRange     '1.18.2',
103 silly addNameRange     '1.19.0',
103 silly addNameRange     '1.20.0',
103 silly addNameRange     '1.20.1',
103 silly addNameRange     '1.21.0',
103 silly addNameRange     '1.21.1',
103 silly addNameRange     '1.21.2',
103 silly addNameRange     '1.21.3',
103 silly addNameRange     '1.21.4',
103 silly addNameRange     '1.21.5',
103 silly addNameRange     '2.0.0',
103 silly addNameRange     '2.0.1',
103 silly addNameRange     '2.1.0',
103 silly addNameRange     '2.2.0',
103 silly addNameRange     '2.2.1',
103 silly addNameRange     '2.2.3',
103 silly addNameRange     '2.2.4',
103 silly addNameRange     '2.2.5' ] ]
104 silly addNamed mocha@2.2.5
105 verbose addNamed "2.2.5" is a plain semver version for mocha
106 silly mapToRegistry name mocha
107 silly mapToRegistry using default registry
108 silly mapToRegistry registry https://registry.npmjs.org/
109 silly mapToRegistry uri https://registry.npmjs.org/mocha
110 verbose addRemoteTarball https://registry.npmjs.org/mocha/-/mocha-2.2.5.tgz not in flight; adding
111 verbose addRemoteTarball [ 'https://registry.npmjs.org/mocha/-/mocha-2.2.5.tgz',
111 verbose addRemoteTarball   'd3b72a4fe49ec9439353f1ac893dbc430d993140' ]
112 info retry fetch attempt 1 at 3:58:13 PM
113 info attempt registry request try #1 at 3:58:13 PM
114 http fetch GET https://registry.npmjs.org/mocha/-/mocha-2.2.5.tgz
115 http 200 https://registry.npmjs.org/grunt-init
116 silly get cb [ 200,
116 silly get   { server: 'CouchDB/1.5.0 (Erlang OTP/R16B03)',
116 silly get     etag: '"EDRXM2DSLL20YG3PHBA10ECN6"',
116 silly get     'content-type': 'application/json',
116 silly get     'cache-control': 'max-age=60',
116 silly get     'content-length': '20700',
116 silly get     'accept-ranges': 'bytes',
116 silly get     date: 'Fri, 14 Aug 2015 13:54:08 GMT',
116 silly get     via: '1.1 varnish',
116 silly get     age: '0',
116 silly get     connection: 'keep-alive',
116 silly get     'x-served-by': 'cache-fra1232-FRA',
116 silly get     'x-cache': 'HIT',
116 silly get     'x-cache-hits': '1',
116 silly get     'x-timer': 'S1439560448.442800,VS0,VE198',
116 silly get     vary: 'Accept' } ]
117 verbose get saving grunt-init to /Users/Pilar/.npm/registry.npmjs.org/grunt-init/.cache.json
118 silly addNameRange number 2 { name: 'grunt-init', range: '*', hasData: true }
119 silly addNameRange versions [ 'grunt-init',
119 silly addNameRange   [ '0.1.0',
119 silly addNameRange     '0.2.0',
119 silly addNameRange     '0.2.1',
119 silly addNameRange     '0.3.0',
119 silly addNameRange     '0.2.0-rc1',
119 silly addNameRange     '0.2.0-rc2',
119 silly addNameRange     '0.2.0-rc3',
119 silly addNameRange     '0.2.0-rc4',
119 silly addNameRange     '0.2.0-rc5',
119 silly addNameRange     '0.2.0-rc6',
119 silly addNameRange     '0.2.0-rc7',
119 silly addNameRange     '0.2.0-rc8',
119 silly addNameRange     '0.3.1',
119 silly addNameRange     '0.3.2' ] ]
120 silly addNamed grunt-init@0.3.2
121 verbose addNamed "0.3.2" is a plain semver version for grunt-init
122 silly mapToRegistry name grunt-init
123 silly mapToRegistry using default registry
124 silly mapToRegistry registry https://registry.npmjs.org/
125 silly mapToRegistry uri https://registry.npmjs.org/grunt-init
126 verbose addRemoteTarball https://registry.npmjs.org/grunt-init/-/grunt-init-0.3.2.tgz not in flight; adding
127 verbose addRemoteTarball [ 'https://registry.npmjs.org/grunt-init/-/grunt-init-0.3.2.tgz',
127 verbose addRemoteTarball   '0062d318401cfc703db394aa9f8b9e7770809984' ]
128 info retry fetch attempt 1 at 3:58:13 PM
129 info attempt registry request try #1 at 3:58:13 PM
130 http fetch GET https://registry.npmjs.org/grunt-init/-/grunt-init-0.3.2.tgz
131 http fetch 200 https://registry.npmjs.org/grunt-cli/-/grunt-cli-0.1.13.tgz
132 silly fetchAndShaCheck shasum e9ebc4047631f5012d922770c39378133cad10f4
133 verbose addTmpTarball /var/folders/08/vkqk4jhn4cdcp1hd4rrj2pvw0000gp/T/npm-1621-ccaf9f94/registry.npmjs.org/grunt-cli/-/grunt-cli-0.1.13.tgz not in flight; adding
134 verbose addTmpTarball already have metadata; skipping unpack for grunt-cli@0.1.13
135 silly cache afterAdd grunt-cli@0.1.13
136 verbose afterAdd /Users/Pilar/.npm/grunt-cli/0.1.13/package/package.json not in flight; writing
137 verbose afterAdd /Users/Pilar/.npm/grunt-cli/0.1.13/package/package.json written
138 http fetch 200 https://registry.npmjs.org/mocha/-/mocha-2.2.5.tgz
139 silly fetchAndShaCheck shasum d3b72a4fe49ec9439353f1ac893dbc430d993140
140 verbose addTmpTarball /var/folders/08/vkqk4jhn4cdcp1hd4rrj2pvw0000gp/T/npm-1621-ccaf9f94/registry.npmjs.org/mocha/-/mocha-2.2.5.tgz not in flight; adding
141 verbose addTmpTarball already have metadata; skipping unpack for mocha@2.2.5
142 silly cache afterAdd mocha@2.2.5
143 verbose afterAdd /Users/Pilar/.npm/mocha/2.2.5/package/package.json not in flight; writing
144 verbose afterAdd /Users/Pilar/.npm/mocha/2.2.5/package/package.json written
145 http fetch 200 https://registry.npmjs.org/grunt/-/grunt-0.4.5.tgz
146 silly fetchAndShaCheck shasum 56937cd5194324adff6d207631832a9d6ba4e7f0
147 verbose addTmpTarball /var/folders/08/vkqk4jhn4cdcp1hd4rrj2pvw0000gp/T/npm-1621-ccaf9f94/registry.npmjs.org/grunt/-/grunt-0.4.5.tgz not in flight; adding
148 verbose addTmpTarball already have metadata; skipping unpack for grunt@0.4.5
149 silly cache afterAdd grunt@0.4.5
150 verbose afterAdd /Users/Pilar/.npm/grunt/0.4.5/package/package.json not in flight; writing
151 verbose afterAdd /Users/Pilar/.npm/grunt/0.4.5/package/package.json written
152 http fetch 200 https://registry.npmjs.org/grunt-init/-/grunt-init-0.3.2.tgz
153 silly fetchAndShaCheck shasum 0062d318401cfc703db394aa9f8b9e7770809984
154 verbose addTmpTarball /var/folders/08/vkqk4jhn4cdcp1hd4rrj2pvw0000gp/T/npm-1621-ccaf9f94/registry.npmjs.org/grunt-init/-/grunt-init-0.3.2.tgz not in flight; adding
155 verbose addTmpTarball already have metadata; skipping unpack for grunt-init@0.3.2
156 silly cache afterAdd grunt-init@0.3.2
157 verbose afterAdd /Users/Pilar/.npm/grunt-init/0.3.2/package/package.json not in flight; writing
158 verbose afterAdd /Users/Pilar/.npm/grunt-init/0.3.2/package/package.json written
159 silly install resolved [ { name: 'grunt-cli',
159 silly install resolved     description: 'The grunt command line interface.',
159 silly install resolved     version: '0.1.13',
159 silly install resolved     author: { name: 'Grunt Team' },
159 silly install resolved     homepage: 'http://gruntjs.com/',
159 silly install resolved     repository: { type: 'git', url: 'git://github.com/gruntjs/grunt-cli.git' },
159 silly install resolved     bugs: { url: 'http://github.com/gruntjs/grunt-cli/issues' },
159 silly install resolved     licenses: [ [Object] ],
159 silly install resolved     bin: { grunt: 'bin/grunt' },
159 silly install resolved     engines: { node: '>= 0.8.0' },
159 silly install resolved     scripts: { test: 'node bin/grunt test' },
159 silly install resolved     preferGlobal: true,
159 silly install resolved     dependencies: { nopt: '~1.0.10', 'findup-sync': '~0.1.0', resolve: '~0.3.1' },
159 silly install resolved     devDependencies: { grunt: '~0.4.0', 'grunt-contrib-jshint': '~0.2.0' },
159 silly install resolved     contributors: [ [Object], [Object], [Object], [Object] ],
159 silly install resolved     _id: 'grunt-cli@0.1.13',
159 silly install resolved     dist:
159 silly install resolved      { shasum: 'e9ebc4047631f5012d922770c39378133cad10f4',
159 silly install resolved        tarball: 'http://registry.npmjs.org/grunt-cli/-/grunt-cli-0.1.13.tgz' },
159 silly install resolved     _from: 'grunt-cli@*',
159 silly install resolved     _npmVersion: '1.3.24',
159 silly install resolved     _npmUser: { name: 'tkellen', email: 'tyler@sleekcode.net' },
159 silly install resolved     maintainers: [ [Object] ],
159 silly install resolved     directories: {},
159 silly install resolved     _shasum: 'e9ebc4047631f5012d922770c39378133cad10f4',
159 silly install resolved     _resolved: 'https://registry.npmjs.org/grunt-cli/-/grunt-cli-0.1.13.tgz' },
159 silly install resolved   { name: 'mocha',
159 silly install resolved     version: '2.2.5',
159 silly install resolved     description: 'simple, flexible, fun test framework',
159 silly install resolved     keywords: [ 'mocha', 'test', 'bdd', 'tdd', 'tap' ],
159 silly install resolved     author: { name: 'TJ Holowaychuk', email: 'tj@vision-media.ca' },
159 silly install resolved     contributors:
159 silly install resolved      [ [Object],
159 silly install resolved        [Object],
159 silly install resolved        [Object],
159 silly install resolved        [Object],
159 silly install resolved        [Object],
159 silly install resolved        [Object],
159 silly install resolved        [Object],
159 silly install resolved        [Object] ],
159 silly install resolved     license: 'MIT',
159 silly install resolved     repository: { type: 'git', url: 'git://github.com/mochajs/mocha.git' },
159 silly install resolved     maintainers: [ [Object], [Object], [Object] ],
159 silly install resolved     main: './index',
159 silly install resolved     browser: './mocha.js',
159 silly install resolved     bin: { mocha: './bin/mocha', _mocha: './bin/_mocha' },
159 silly install resolved     engines: { node: '>= 0.8.x' },
159 silly install resolved     scripts: { test: 'make test-all' },
159 silly install resolved     dependencies:
159 silly install resolved      { commander: '2.3.0',
159 silly install resolved        debug: '2.0.0',
159 silly install resolved        diff: '1.4.0',
159 silly install resolved        'escape-string-regexp': '1.0.2',
159 silly install resolved        glob: '3.2.3',
159 silly install resolved        growl: '1.8.1',
159 silly install resolved        jade: '0.26.3',
159 silly install resolved        mkdirp: '0.5.0',
159 silly install resolved        'supports-color': '~1.2.0' },
159 silly install resolved     devDependencies: { 'coffee-script': '~1.8.0', should: '~4.0.0' },
159 silly install resolved     files:
159 silly install resolved      [ 'bin',
159 silly install resolved        'images',
159 silly install resolved        'lib',
159 silly install resolved        'index.js',
159 silly install resolved        'mocha.css',
159 silly install resolved        'mocha.js',
159 silly install resolved        'LICENSE' ],
159 silly install resolved     licenses: [ [Object] ],
159 silly install resolved     bugs: { url: 'https://github.com/mochajs/mocha/issues' },
159 silly install resolved     homepage: 'https://github.com/mochajs/mocha',
159 silly install resolved     _id: 'mocha@2.2.5',
159 silly install resolved     _shasum: 'd3b72a4fe49ec9439353f1ac893dbc430d993140',
159 silly install resolved     _from: 'mocha@*',
159 silly install resolved     _npmVersion: '1.4.9',
159 silly install resolved     _npmUser: { name: 'travisjeffery', email: 'tj@travisjeffery.com' },
159 silly install resolved     dist:
159 silly install resolved      { shasum: 'd3b72a4fe49ec9439353f1ac893dbc430d993140',
159 silly install resolved        tarball: 'http://registry.npmjs.org/mocha/-/mocha-2.2.5.tgz' },
159 silly install resolved     directories: {},
159 silly install resolved     _resolved: 'https://registry.npmjs.org/mocha/-/mocha-2.2.5.tgz' },
159 silly install resolved   { name: 'grunt',
159 silly install resolved     description: 'The JavaScript Task Runner',
159 silly install resolved     version: '0.4.5',
159 silly install resolved     author: { name: '"Cowboy" Ben Alman', url: 'http://benalman.com/' },
159 silly install resolved     homepage: 'http://gruntjs.com/',
159 silly install resolved     repository: { type: 'git', url: 'git://github.com/gruntjs/grunt.git' },
159 silly install resolved     bugs: { url: 'http://github.com/gruntjs/grunt/issues' },
159 silly install resolved     licenses: [ [Object] ],
159 silly install resolved     main: 'lib/grunt',
159 silly install resolved     scripts: { test: 'grunt test' },
159 silly install resolved     engines: { node: '>= 0.8.0' },
159 silly install resolved     keywords:
159 silly install resolved      [ 'task',
159 silly install resolved        'async',
159 silly install resolved        'cli',
159 silly install resolved        'minify',
159 silly install resolved        'uglify',
159 silly install resolved        'build',
159 silly install resolved        'lodash',
159 silly install resolved        'unit',
159 silly install resolved        'test',
159 silly install resolved        'qunit',
159 silly install resolved        'nodeunit',
159 silly install resolved        'server',
159 silly install resolved        'init',
159 silly install resolved        'scaffold',
159 silly install resolved        'make',
159 silly install resolved        'jake',
159 silly install resolved        'tool' ],
159 silly install resolved     dependencies:
159 silly install resolved      { async: '~0.1.22',
159 silly install resolved        'coffee-script': '~1.3.3',
159 silly install resolved        colors: '~0.6.2',
159 silly install resolved        dateformat: '1.0.2-1.2.3',
159 silly install resolved        eventemitter2: '~0.4.13',
159 silly install resolved        'findup-sync': '~0.1.2',
159 silly install resolved        glob: '~3.1.21',
159 silly install resolved        hooker: '~0.2.3',
159 silly install resolved        'iconv-lite': '~0.2.11',
159 silly install resolved        minimatch: '~0.2.12',
159 silly install resolved        nopt: '~1.0.10',
159 silly install resolved        rimraf: '~2.2.8',
159 silly install resolved        lodash: '~0.9.2',
159 silly install resolved        'underscore.string': '~2.2.1',
159 silly install resolved        which: '~1.0.5',
159 silly install resolved        'js-yaml': '~2.0.5',
159 silly install resolved        exit: '~0.1.1',
159 silly install resolved        getobject: '~0.1.0',
159 silly install resolved        'grunt-legacy-util': '~0.2.0',
159 silly install resolved        'grunt-legacy-log': '~0.1.0' },
159 silly install resolved     devDependencies:
159 silly install resolved      { temporary: '~0.0.4',
159 silly install resolved        'grunt-contrib-jshint': '~0.6.4',
159 silly install resolved        'grunt-contrib-nodeunit': '~0.2.0',
159 silly install resolved        'grunt-contrib-watch': '~0.5.3',
159 silly install resolved        difflet: '~0.2.3',
159 silly install resolved        semver: '2.1.0',
159 silly install resolved        shelljs: '~0.2.5' },
159 silly install resolved     _id: 'grunt@0.4.5',
159 silly install resolved     dist:
159 silly install resolved      { shasum: '56937cd5194324adff6d207631832a9d6ba4e7f0',
159 silly install resolved        tarball: 'http://registry.npmjs.org/grunt/-/grunt-0.4.5.tgz' },
159 silly install resolved     _from: 'grunt@*',
159 silly install resolved     _npmVersion: '1.4.4',
159 silly install resolved     _npmUser: { name: 'cowboy', email: 'cowboy@rj3.net' },
159 silly install resolved     maintainers: [ [Object], [Object] ],
159 silly install resolved     directories: {},
159 silly install resolved     _shasum: '56937cd5194324adff6d207631832a9d6ba4e7f0',
159 silly install resolved     _resolved: 'https://registry.npmjs.org/grunt/-/grunt-0.4.5.tgz' },
159 silly install resolved   { name: 'grunt-init',
159 silly install resolved     description: 'Generate project scaffolding from a template.',
159 silly install resolved     version: '0.3.2',
159 silly install resolved     homepage: 'https://github.com/gruntjs/grunt-init',
159 silly install resolved     author: { name: 'Grunt Team', url: 'http://gruntjs.com/' },
159 silly install resolved     repository: { type: 'git', url: 'git://github.com/gruntjs/grunt-init.git' },
159 silly install resolved     bugs: { url: 'https://github.com/gruntjs/grunt-init/issues' },
159 silly install resolved     licenses: [ [Object] ],
159 silly install resolved     preferGlobal: true,
159 silly install resolved     bin: { 'grunt-init': 'bin/grunt-init' },
159 silly install resolved     engines: { node: '>= 0.8.0' },
159 silly install resolved     scripts: { test: 'grunt test' },
159 silly install resolved     dependencies:
159 silly install resolved      { prompt: '~0.1.12',
159 silly install resolved        semver: '~1.0.14',
159 silly install resolved        hooker: '~0.2.3',
159 silly install resolved        colors: '~0.6.0-1',
159 silly install resolved        grunt: '~0.4.0',
159 silly install resolved        lodash: '~2.4.1',
159 silly install resolved        async: '~0.2.10' },
159 silly install resolved     devDependencies:
159 silly install resolved      { 'grunt-contrib-jshint': '~0.8.0',
159 silly install resolved        'grunt-contrib-nodeunit': '~0.3.0' },
159 silly install resolved     keywords: [ 'grunt', 'template', 'scaffold', 'generate', 'project' ],
159 silly install resolved     contributors: [ [Object] ],
159 silly install resolved     _id: 'grunt-init@0.3.2',
159 silly install resolved     dist:
159 silly install resolved      { shasum: '0062d318401cfc703db394aa9f8b9e7770809984',
159 silly install resolved        tarball: 'http://registry.npmjs.org/grunt-init/-/grunt-init-0.3.2.tgz' },
159 silly install resolved     _from: 'grunt-init@*',
159 silly install resolved     _npmVersion: '1.4.3',
159 silly install resolved     _npmUser: { name: 'vladikoff', email: 'vlad@vladikoff.com' },
159 silly install resolved     maintainers: [ [Object], [Object], [Object], [Object] ],
159 silly install resolved     directories: {},
159 silly install resolved     _shasum: '0062d318401cfc703db394aa9f8b9e7770809984',
159 silly install resolved     _resolved: 'https://registry.npmjs.org/grunt-init/-/grunt-init-0.3.2.tgz' } ]
160 info install grunt-cli@0.1.13 into /usr/local/lib
161 info install mocha@2.2.5 into /usr/local/lib
162 info install grunt@0.4.5 into /usr/local/lib
163 info install grunt-init@0.3.2 into /usr/local/lib
164 info installOne grunt-cli@0.1.13
165 verbose installOne of grunt-cli to /usr/local/lib not in flight; installing
166 info installOne mocha@2.2.5
167 verbose installOne of mocha to /usr/local/lib not in flight; installing
168 info installOne grunt@0.4.5
169 verbose installOne of grunt to /usr/local/lib not in flight; installing
170 info installOne grunt-init@0.3.2
171 verbose installOne of grunt-init to /usr/local/lib not in flight; installing
172 verbose lock using /Users/Pilar/.npm/_locks/grunt-cli-58f484dab06f0a30.lock for /usr/local/lib/node_modules/grunt-cli
173 verbose lock using /Users/Pilar/.npm/_locks/mocha-1cb4102bb5230051.lock for /usr/local/lib/node_modules/mocha
174 verbose lock using /Users/Pilar/.npm/_locks/grunt-3732043049c4c2bf.lock for /usr/local/lib/node_modules/grunt
175 verbose lock using /Users/Pilar/.npm/_locks/grunt-init-6cff7fa36e94429b.lock for /usr/local/lib/node_modules/grunt-init
176 silly install write writing grunt-cli 0.1.13 to /usr/local/lib/node_modules/grunt-cli
177 silly install write writing mocha 2.2.5 to /usr/local/lib/node_modules/mocha
178 silly install write writing grunt 0.4.5 to /usr/local/lib/node_modules/grunt
179 silly install write writing grunt-init 0.3.2 to /usr/local/lib/node_modules/grunt-init
180 verbose unbuild lib/node_modules/grunt
181 verbose unbuild lib/node_modules/grunt-cli
182 verbose unbuild lib/node_modules/mocha
183 verbose unbuild lib/node_modules/grunt-init
184 silly gentlyRm /usr/local/lib/node_modules/grunt is being purged from base /usr/local
185 verbose gentlyRm don't care about contents; nuking /usr/local/lib/node_modules/grunt
186 silly gentlyRm /usr/local/lib/node_modules/grunt-cli is being purged from base /usr/local
187 verbose gentlyRm don't care about contents; nuking /usr/local/lib/node_modules/grunt-cli
188 silly gentlyRm /usr/local/lib/node_modules/mocha is being purged from base /usr/local
189 verbose gentlyRm don't care about contents; nuking /usr/local/lib/node_modules/mocha
190 verbose tar unpack /Users/Pilar/.npm/grunt/0.4.5/package.tgz
191 verbose tar unpacking to /usr/local/lib/node_modules/grunt
192 silly gentlyRm /usr/local/lib/node_modules/grunt is being purged
193 verbose gentlyRm don't care about contents; nuking /usr/local/lib/node_modules/grunt
194 silly gentlyRm /usr/local/lib/node_modules/grunt-init is being purged from base /usr/local
195 verbose gentlyRm don't care about contents; nuking /usr/local/lib/node_modules/grunt-init
196 verbose tar unpack /Users/Pilar/.npm/grunt-cli/0.1.13/package.tgz
197 verbose tar unpacking to /usr/local/lib/node_modules/grunt-cli
198 silly gentlyRm /usr/local/lib/node_modules/grunt-cli is being purged
199 verbose gentlyRm don't care about contents; nuking /usr/local/lib/node_modules/grunt-cli
200 verbose tar unpack /Users/Pilar/.npm/mocha/2.2.5/package.tgz
201 verbose tar unpacking to /usr/local/lib/node_modules/mocha
202 silly gentlyRm /usr/local/lib/node_modules/mocha is being purged
203 verbose gentlyRm don't care about contents; nuking /usr/local/lib/node_modules/mocha
204 silly gunzTarPerm modes [ '755', '644' ]
205 verbose tar unpack /Users/Pilar/.npm/grunt-init/0.3.2/package.tgz
206 verbose tar unpacking to /usr/local/lib/node_modules/grunt-init
207 silly gentlyRm /usr/local/lib/node_modules/grunt-init is being purged
208 verbose gentlyRm don't care about contents; nuking /usr/local/lib/node_modules/grunt-init
209 silly gunzTarPerm modes [ '755', '644' ]
210 silly gunzTarPerm modes [ '755', '644' ]
211 silly gunzTarPerm modes [ '755', '644' ]
212 error tar.unpack untar error /Users/Pilar/.npm/grunt/0.4.5/package.tgz
213 error tar.unpack untar error /Users/Pilar/.npm/grunt-cli/0.1.13/package.tgz
214 error tar.unpack untar error /Users/Pilar/.npm/mocha/2.2.5/package.tgz
215 error tar.unpack untar error /Users/Pilar/.npm/grunt-init/0.3.2/package.tgz
216 verbose unlock done using /Users/Pilar/.npm/_locks/grunt-3732043049c4c2bf.lock for /usr/local/lib/node_modules/grunt
217 verbose unlock done using /Users/Pilar/.npm/_locks/grunt-cli-58f484dab06f0a30.lock for /usr/local/lib/node_modules/grunt-cli
218 verbose unlock done using /Users/Pilar/.npm/_locks/mocha-1cb4102bb5230051.lock for /usr/local/lib/node_modules/mocha
219 verbose unlock done using /Users/Pilar/.npm/_locks/grunt-init-6cff7fa36e94429b.lock for /usr/local/lib/node_modules/grunt-init
220 verbose fstream_path /usr/local/lib/node_modules/grunt
221 verbose fstream_type Directory
222 verbose fstream_class DirWriter
223 verbose stack Error: EACCES, mkdir '/usr/local/lib/node_modules/grunt'
223 verbose stack     at Error (native)
224 verbose fstream_stack /usr/local/lib/node_modules/npm/node_modules/fstream/lib/dir-writer.js:35:25
224 verbose fstream_stack /usr/local/lib/node_modules/npm/node_modules/mkdirp/index.js:47:53
224 verbose fstream_stack FSReqWrap.oncomplete (fs.js:95:15)
225 verbose cwd /Users/Pilar/project/intern-tutorial
226 error Darwin 14.4.0
227 error argv "node" "/usr/local/bin/npm" "install" "-g" "mocha" "grunt" "grunt-init" "grunt-cli"
228 error node v0.12.7
229 error npm  v2.11.3
230 error path /usr/local/lib/node_modules/grunt
231 error code EACCES
232 error errno -13
233 error Error: EACCES, mkdir '/usr/local/lib/node_modules/grunt'
233 error     at Error (native)
233 error  { [Error: EACCES, mkdir '/usr/local/lib/node_modules/grunt']
233 error   errno: -13,
233 error   code: 'EACCES',
233 error   path: '/usr/local/lib/node_modules/grunt',
233 error   fstream_type: 'Directory',
233 error   fstream_path: '/usr/local/lib/node_modules/grunt',
233 error   fstream_class: 'DirWriter',
233 error   fstream_stack:
233 error    [ '/usr/local/lib/node_modules/npm/node_modules/fstream/lib/dir-writer.js:35:25',
233 error      '/usr/local/lib/node_modules/npm/node_modules/mkdirp/index.js:47:53',
233 error      'FSReqWrap.oncomplete (fs.js:95:15)' ] }
234 error Please try running this command again as root/Administrator.
235 verbose exit [ -13, true ]
236 verbose unbuild lib/node_modules/grunt
237 silly gentlyRm /usr/local/lib/node_modules/grunt is being purged from base /usr/local
238 verbose gentlyRm don't care about contents; nuking /usr/local/lib/node_modules/grunt
239 verbose unbuild lib/node_modules/grunt-cli
240 silly gentlyRm /usr/local/lib/node_modules/grunt-cli is being purged from base /usr/local
241 verbose gentlyRm don't care about contents; nuking /usr/local/lib/node_modules/grunt-cli
242 verbose unbuild lib/node_modules/mocha
243 silly gentlyRm /usr/local/lib/node_modules/mocha is being purged from base /usr/local
244 verbose gentlyRm don't care about contents; nuking /usr/local/lib/node_modules/mocha
245 verbose unbuild lib/node_modules/grunt-init
246 silly gentlyRm /usr/local/lib/node_modules/grunt-init is being purged from base /usr/local
247 verbose gentlyRm don't care about contents; nuking /usr/local/lib/node_modules/grunt-init
